#
# A fatal error has been detected by the Java Runtime Environment:
#
#  SIGSEGV (0xb) at pc=0x00007fffbb3369fb, pid=4650, tid=0x0000000000000307
#
# JRE version: Java(TM) SE Runtime Environment (8.0_111-b14) (build 1.8.0_111-b14)
# Java VM: Java HotSpot(TM) 64-Bit Server VM (25.111-b14 mixed mode bsd-amd64 compressed oops)
# Problematic frame:
# C  [AppKit+0x469fb]  _DPSNextEvent+0x407
#
# Failed to write core dump. Core dumps have been disabled. To enable core dumping, try "ulimit -c unlimited" before starting Java again
#
# If you would like to submit a bug report, please visit:
#   http://bugreport.java.com/bugreport/crash.jsp
# The crash happened outside the Java Virtual Machine in native code.
# See problematic frame for where to report the bug.
#

---------------  T H R E A D  ---------------

Current thread (0x00007fc3c626e000):  JavaThread "AppKit Thread" daemon [_thread_in_native, id=775, stack(0x00007fff50f39000,0x00007fff51739000)]

siginfo: si_signo: 11 (SIGSEGV), si_code: 1 (SEGV_MAPERR), si_addr: 0xfffffffffffffdac

Registers:
RAX=0x00007fffdc353060, RBX=0x00007fffd8bbde60, RCX=0x00007fffd8cade00, RDX=0x0000000000000001
RSP=0x00007fff51734210, RBP=0x00007fff51734620, RSI=0x0000000000000000, RDI=0x0000000000000000
R8 =0x0000000000000000, R9 =0x0000000000000004, R10=0x00007fffd8cadc08, R11=0x00007fc3cc42c420
R12=0x0000000000000001, R13=0x00007fffd2b1b000, R14=0x0000000000000000, R15=0xffffffffffffffff
RIP=0x00007fffbb3369fb, EFLAGS=0x0000000000010246, ERR=0x0000000000000006
  TRAPNO=0x000000000000000e

Top of Stack: (sp=0x00007fff51734210)
0x00007fff51734210:   00007fff51734280 000000011584e18a
0x00007fff51734220:   00007fffbbf55534 0000000000000000
0x00007fff51734230:   422d63c37f00000d 408e000000000000
0x00007fff51734240:   000000000000005a 0001000000000012
0x00007fff51734250:   0000000000000000 00007fffbbf55575
0x00007fff51734260:   00007fffbbf556eb 00007fffbbf556d6
0x00007fff51734270:   00007fffbbf554a0 00007fffbbf55307
0x00007fff51734280:   00007fffbbf552f1 00000000cbf05b60
0x00007fff51734290:   00007fffbbf5562d 00007fffbbf555d5
0x00007fff517342a0:   00007fffbbf555b6 00007fffbbf55561
0x00007fff517342b0:   00007fffbbf55549 0000000000000000
0x00007fff517342c0:   00007fffbbf555ad 00007fffbbf5551b
0x00007fff517342d0:   00007fffbbf555ff 00007fffbbf555f9
0x00007fff517342e0:   00007fffbbf554ef 00007fffbbf550e8
0x00007fff517342f0:   00007fffbbf55017 00007fffbbf55505
0x00007fff51734300:   00007fffbbf5558d 00007fffbbf554d5
0x00007fff51734310:   00000001cbb00000 00007fffbbf55201
0x00007fff51734320:   ffffffffffffffff 00007fffd8bbde60
0x00007fff51734330:   0000000000000000 0000000000000000
0x00007fff51734340:   422d22e6695636aa 00000001d35a40d5
0x00007fff51734350:   422d22e600000000 ffff803c372236b0
0x00007fff51734360:   000000010e4e3000 00007fffd358de2c
0x00007fff51734370:   000000010e4e6a00 00007fc3cbbeae60
0x00007fff51734380:   00007fc3c8d00003 00007fc3c8ddc950
0x00007fff51734390:   ffff803c372236b0 00000000dc2c10c8
0x00007fff517343a0:   0000000000000000 0000000000000000
0x00007fff517343b0:   00007fff517343d0 00007fffd2b1d50f
0x00007fff517343c0:   00007fffdc353060 00007fc3c0000000
0x00007fff517343d0:   00007fff51734410 00007fffbb479dd7
0x00007fff517343e0:   00007fc3c8ddc950 00007fffd86d7330
0x00007fff517343f0:   0000000000000740 ffff803c3734db10
0x00007fff51734400:   00007fc3c8cb24f0 00007fffdc2c0480 

Instructions: (pc=0x00007fffbb3369fb)
0x00007fffbb3369db:   ff 48 8b b5 80 fd ff ff 48 8b 05 1e e0 07 1d 48
0x00007fffbb3369eb:   89 85 a0 fd ff ff c7 85 a8 fd ff ff 00 00 00 c0
0x00007fffbb3369fb:   c7 85 ac fd ff ff 00 00 00 00 48 8d 05 fb 77 21
0x00007fffbb336a0b:   00 48 89 85 b0 fd ff ff 48 8d 05 46 51 08 1d 48 

Register to memory mapping:

RAX=0x00007fffdc353060: _NSConcreteStackBlock+0 in /usr/lib/system/libsystem_blocks.dylib at 0x00007fffd343e000
RBX=0x00007fffd8bbde60: __block_literal_global.67+0x42c0 in /System/Library/Frameworks/CoreFoundation.framework/Versions/A/CoreFoundation at 0x00007fffbd7bc000
RCX=0x00007fffd8cade00: OBJC_METACLASS_$___NSArrayReverseEnumerator+0x18 in /System/Library/Frameworks/CoreFoundation.framework/Versions/A/CoreFoundation at 0x00007fffbd7bc000
RDX=0x0000000000000001 is an unknown value
RSP=0x00007fff51734210 is pointing into the stack for thread: 0x00007fc3c626e000
RBP=0x00007fff51734620 is pointing into the stack for thread: 0x00007fc3c626e000
RSI=0x0000000000000000 is an unknown value
RDI=0x0000000000000000 is an unknown value
R8 =0x0000000000000000 is an unknown value
R9 =0x0000000000000004 is an unknown value
R10=0x00007fffd8cadc08: OBJC_CLASS_$___NSArrayI+0 in /System/Library/Frameworks/CoreFoundation.framework/Versions/A/CoreFoundation at 0x00007fffbd7bc000
R11=0x00007fc3cc42c420 is an unknown value
R12=0x0000000000000001 is an unknown value
R13=0x00007fffd2b1b000: objc_msgSend+0 in /usr/lib/libobjc.A.dylib at 0x00007fffd2b14000
R14=0x0000000000000000 is an unknown value
R15=0xffffffffffffffff is an unknown value


Stack: [0x00007fff50f39000,0x00007fff51739000],  sp=0x00007fff51734210,  free space=8172k
Native frames: (J=compiled Java code, j=interpreted, Vv=VM code, C=native code)
C  [AppKit+0x469fb]  _DPSNextEvent+0x407
C  [AppKit+0x7c27ee]  -[NSApplication(NSEvent) _nextEventMatchingEventMask:untilDate:inMode:dequeue:]+0xaec
C  [libosxapp.dylib+0x23aa]  -[NSApplicationAWT nextEventMatchingMask:untilDate:inMode:dequeue:]+0x7c
C  [AppKit+0x3b3db]  -[NSApplication run]+0x39e
C  [libosxapp.dylib+0x214d]  +[NSApplicationAWT runAWTLoopWithApp:]+0x9c
C  [libawt_lwawt.dylib+0x444b3]  -[AWTStarter starter:]+0x389
C  [Foundation+0x7152a]  __NSThreadPerformPerform+0x146
C  [CoreFoundation+0xa43e1]  __CFRUNLOOP_IS_CALLING_OUT_TO_A_SOURCE0_PERFORM_FUNCTION__+0x11
C  [CoreFoundation+0x8565c]  __CFRunLoopDoSources0+0x22c
C  [CoreFoundation+0x84b46]  __CFRunLoopRun+0x3a6
C  [CoreFoundation+0x84544]  CFRunLoopRunSpecific+0x1a4
C  [java+0x6465]  CreateExecutionEnvironment+0x367
C  [java+0x218c]  JLI_Launch+0x7a0
C  [java+0x84c2]  main+0x65
C  [java+0x19e4]  start+0x34
C  0x0000000000000005


---------------  P R O C E S S  ---------------

Java Threads: ( => current thread )
  0x00007fc3cc206800 JavaThread "pool-4-thread-1" [_thread_blocked, id=133743, stack(0x0000700007ef5000,0x0000700007ff5000)]
  0x00007fc3c61b9800 JavaThread "Thread-12" daemon [_thread_blocked, id=135951, stack(0x0000700007ff8000,0x00007000080f8000)]
  0x00007fc3c619e800 JavaThread "Thread-10" daemon [_thread_in_Java, id=128155, stack(0x0000700007cec000,0x0000700007dec000)]
  0x00007fc3cc01a000 JavaThread "pool-2-thread-1" [_thread_blocked, id=63503, stack(0x00007000072c2000,0x00007000073c2000)]
  0x00007fc3cd0d0000 JavaThread "Thread-9" daemon [_thread_in_native, id=115203, stack(0x00007000079dd000,0x0000700007add000)]
  0x00007fc3cc043000 JavaThread "pool-1-thread-1" [_thread_blocked, id=101195, stack(0x00007000077d4000,0x00007000078d4000)]
  0x00007fc3c91c3800 JavaThread "Thread-8" daemon [_thread_blocked, id=96003, stack(0x000070000764e000,0x000070000774e000)]
  0x00007fc3c90ea800 JavaThread "Thread-7" daemon [_thread_blocked, id=95491, stack(0x000070000754b000,0x000070000764b000)]
  0x00007fc3c80d1000 JavaThread "TimerQueue" daemon [_thread_blocked, id=65131, stack(0x00007000073c5000,0x00007000074c5000)]
  0x00007fc3c4b73800 JavaThread "Batik CleanerThread" daemon [_thread_blocked, id=63023, stack(0x00007000071bf000,0x00007000072bf000)]
  0x00007fc3c4b52000 JavaThread "Java2D Disposer" daemon [_thread_blocked, id=57615, stack(0x00007000070bc000,0x00007000071bc000)]
  0x00007fc3c4b25800 JavaThread "Java2D Queue Flusher" daemon [_thread_blocked, id=54535, stack(0x0000700006fb9000,0x00007000070b9000)]
  0x00007fc3c637e000 JavaThread "DestroyJavaVM" [_thread_blocked, id=7171, stack(0x0000700005d80000,0x0000700005e80000)]
  0x00007fc3c52b3000 JavaThread "AWT-EventQueue-0" [_thread_in_native, id=54027, stack(0x0000700006eb6000,0x0000700006fb6000)]
  0x00007fc3c639f800 JavaThread "Timer-0" daemon [_thread_blocked, id=47371, stack(0x0000700006db3000,0x0000700006eb3000)]
  0x00007fc3c4a4f000 JavaThread "AWT-Shutdown" [_thread_blocked, id=29963, stack(0x0000700006c2d000,0x0000700006d2d000)]
=>0x00007fc3c626e000 JavaThread "AppKit Thread" daemon [_thread_in_native, id=775, stack(0x00007fff50f39000,0x00007fff51739000)]
  0x00007fc3c6043000 JavaThread "Service Thread" daemon [_thread_blocked, id=18691, stack(0x00007000069a4000,0x0000700006aa4000)]
  0x00007fc3c6037800 JavaThread "C1 CompilerThread2" daemon [_thread_blocked, id=18179, stack(0x00007000068a1000,0x00007000069a1000)]
  0x00007fc3c6037000 JavaThread "C2 CompilerThread1" daemon [_thread_blocked, id=17667, stack(0x000070000679e000,0x000070000689e000)]
  0x00007fc3c602c000 JavaThread "C2 CompilerThread0" daemon [_thread_blocked, id=17155, stack(0x000070000669b000,0x000070000679b000)]
  0x00007fc3c602b000 JavaThread "Signal Dispatcher" daemon [_thread_blocked, id=16643, stack(0x0000700006598000,0x0000700006698000)]
  0x00007fc3c585d000 JavaThread "Finalizer" daemon [_thread_blocked, id=12547, stack(0x0000700006495000,0x0000700006595000)]
  0x00007fc3c585a000 JavaThread "Reference Handler" daemon [_thread_blocked, id=12035, stack(0x0000700006392000,0x0000700006492000)]

Other Threads:
  0x00007fc3c5855800 VMThread [stack: 0x000070000628f000,0x000070000638f000] [id=11523]
  0x00007fc3c6008800 WatcherThread [stack: 0x0000700006aa7000,0x0000700006ba7000] [id=19203]

VM state:not at safepoint (normal execution)

VM Mutex/Monitor currently owned by a thread: None

Heap:
 PSYoungGen      total 1439232K, used 293104K [0x0000000755580000, 0x00000007bc880000, 0x00000007c0000000)
  eden space 1424384K, 19% used [0x0000000755580000,0x0000000766593ba8,0x00000007ac480000)
  from space 14848K, 97% used [0x00000007bba00000,0x00000007bc8287a8,0x00000007bc880000)
  to   space 26112K, 0% used [0x00000007b9580000,0x00000007b9580000,0x00000007baf00000)
 ParOldGen       total 348160K, used 39074K [0x0000000680000000, 0x0000000695400000, 0x0000000755580000)
  object space 348160K, 11% used [0x0000000680000000,0x0000000682628918,0x0000000695400000)
 Metaspace       used 42124K, capacity 43456K, committed 43648K, reserved 1087488K
  class space    used 5532K, capacity 5924K, committed 6016K, reserved 1048576K

Card table byte_map: [0x0000000110161000,0x0000000110b62000] byte_map_base: 0x000000010cd61000

Marking Bits: (ParMarkBitMap*) 0x000000010f6efd20
 Begin Bits: [0x00000001287d8000, 0x000000012d7d8000)
 End Bits:   [0x000000012d7d8000, 0x00000001327d8000)

Polling page: 0x000000010e58d000

CodeCache: size=245760Kb used=23730Kb max_used=23898Kb free=222029Kb
 bounds [0x00000001197d8000, 0x000000011af58000, 0x00000001287d8000]
 total_blobs=8492 nmethods=7600 adapters=802
 compilation: enabled

Compilation events (10 events):
Event: 238.088 Thread 0x00007fc3c6037800 9269       1       javax.swing.JMenuItem::getComponent (2 bytes)
Event: 238.089 Thread 0x00007fc3c6037800 nmethod 9269 0x000000011a573d90 code [0x000000011a573ee0, 0x000000011a573ff0]
Event: 238.169 Thread 0x00007fc3c6037000 9270       4       java.lang.String::trim (77 bytes)
Event: 238.175 Thread 0x00007fc3c6037000 nmethod 9270 0x000000011997d390 code [0x000000011997d520, 0x000000011997da18]
Event: 238.240 Thread 0x00007fc3c6037800 9271       1       javax.swing.JMenuItem::getSubElements (5 bytes)
Event: 238.240 Thread 0x00007fc3c6037800 nmethod 9271 0x000000011a50a610 code [0x000000011a50a760, 0x000000011a50a8f0]
Event: 238.602 Thread 0x00007fc3c602c000 9272       4       java.awt.geom.Path2D$Float::append (229 bytes)
Event: 238.602 Thread 0x00007fc3c6037800 9273       3       java.awt.Rectangle::isEmpty (20 bytes)
Event: 238.603 Thread 0x00007fc3c6037800 nmethod 9273 0x000000011a50a250 code [0x000000011a50a3c0, 0x000000011a50a5b0]
Event: 238.616 Thread 0x00007fc3c602c000 nmethod 9272 0x000000011af42f10 code [0x000000011af43140, 0x000000011af445c0]

GC Heap History (10 events):
Event: 217.782 GC heap before
{Heap before GC invocations=66 (full 4):
 PSYoungGen      total 1716736K, used 1703508K [0x0000000755580000, 0x00000007bff00000, 0x00000007c0000000)
  eden space 1689088K, 100% used [0x0000000755580000,0x00000007bc700000,0x00000007bc700000)
  from space 27648K, 52% used [0x00000007be200000,0x00000007bf0153b8,0x00000007bfd00000)
  to   space 27648K, 0% used [0x00000007bc700000,0x00000007bc700000,0x00000007be200000)
 ParOldGen       total 612352K, used 611580K [0x0000000680000000, 0x00000006a5600000, 0x0000000755580000)
  object space 612352K, 99% used [0x0000000680000000,0x00000006a553f1c8,0x00000006a5600000)
 Metaspace       used 42094K, capacity 43456K, committed 43648K, reserved 1087488K
  class space    used 5527K, capacity 5924K, committed 6016K, reserved 1048576K
Event: 217.858 GC heap after
Heap after GC invocations=66 (full 4):
 PSYoungGen      total 1716736K, used 0K [0x0000000755580000, 0x00000007bff00000, 0x00000007c0000000)
  eden space 1689088K, 0% used [0x0000000755580000,0x0000000755580000,0x00000007bc700000)
  from space 27648K, 0% used [0x00000007be200000,0x00000007be200000,0x00000007bfd00000)
  to   space 27648K, 0% used [0x00000007bc700000,0x00000007bc700000,0x00000007be200000)
 ParOldGen       total 348160K, used 36780K [0x0000000680000000, 0x0000000695400000, 0x0000000755580000)
  object space 348160K, 10% used [0x0000000680000000,0x00000006823eb278,0x0000000695400000)
 Metaspace       used 42094K, capacity 43456K, committed 43648K, reserved 1087488K
  class space    used 5527K, capacity 5924K, committed 6016K, reserved 1048576K
}
Event: 223.344 GC heap before
{Heap before GC invocations=67 (full 4):
 PSYoungGen      total 1716736K, used 1686991K [0x0000000755580000, 0x00000007bff00000, 0x00000007c0000000)
  eden space 1689088K, 99% used [0x0000000755580000,0x00000007bc4f3e78,0x00000007bc700000)
  from space 27648K, 0% used [0x00000007be200000,0x00000007be200000,0x00000007bfd00000)
  to   space 27648K, 0% used [0x00000007bc700000,0x00000007bc700000,0x00000007be200000)
 ParOldGen       total 348160K, used 36780K [0x0000000680000000, 0x0000000695400000, 0x0000000755580000)
  object space 348160K, 10% used [0x0000000680000000,0x00000006823eb278,0x0000000695400000)
 Metaspace       used 42116K, capacity 43456K, committed 43648K, reserved 1087488K
  class space    used 5532K, capacity 5924K, committed 6016K, reserved 1048576K
Event: 223.347 GC heap after
Heap after GC invocations=67 (full 4):
 PSYoungGen      total 1631232K, used 12940K [0x0000000755580000, 0x00000007be280000, 0x00000007c0000000)
  eden space 1617920K, 0% used [0x0000000755580000,0x0000000755580000,0x00000007b8180000)
  from space 13312K, 97% used [0x00000007bc700000,0x00000007bd3a30d8,0x00000007bd400000)
  to   space 14848K, 0% used [0x00000007bd400000,0x00000007bd400000,0x00000007be280000)
 ParOldGen       total 348160K, used 36780K [0x0000000680000000, 0x0000000695400000, 0x0000000755580000)
  object space 348160K, 10% used [0x0000000680000000,0x00000006823eb278,0x0000000695400000)
 Metaspace       used 42116K, capacity 43456K, committed 43648K, reserved 1087488K
  class space    used 5532K, capacity 5924K, committed 6016K, reserved 1048576K
}
Event: 228.557 GC heap before
{Heap before GC invocations=68 (full 4):
 PSYoungGen      total 1631232K, used 1628464K [0x0000000755580000, 0x00000007be280000, 0x00000007c0000000)
  eden space 1617920K, 99% used [0x0000000755580000,0x00000007b7f29230,0x00000007b8180000)
  from space 13312K, 97% used [0x00000007bc700000,0x00000007bd3a30d8,0x00000007bd400000)
  to   space 14848K, 0% used [0x00000007bd400000,0x00000007bd400000,0x00000007be280000)
 ParOldGen       total 348160K, used 36780K [0x0000000680000000, 0x0000000695400000, 0x0000000755580000)
  object space 348160K, 10% used [0x0000000680000000,0x00000006823eb278,0x0000000695400000)
 Metaspace       used 42122K, capacity 43456K, committed 43648K, reserved 1087488K
  class space    used 5532K, capacity 5924K, committed 6016K, reserved 1048576K
Event: 228.562 GC heap after
Heap after GC invocations=68 (full 4):
 PSYoungGen      total 1563648K, used 12972K [0x0000000755580000, 0x00000007be100000, 0x00000007c0000000)
  eden space 1550336K, 0% used [0x0000000755580000,0x0000000755580000,0x00000007b3f80000)
  from space 13312K, 97% used [0x00000007bd400000,0x00000007be0ab0d8,0x00000007be100000)
  to   space 27136K, 0% used [0x00000007bac00000,0x00000007bac00000,0x00000007bc680000)
 ParOldGen       total 348160K, used 39074K [0x0000000680000000, 0x0000000695400000, 0x0000000755580000)
  object space 348160K, 11% used [0x0000000680000000,0x0000000682628918,0x0000000695400000)
 Metaspace       used 42122K, capacity 43456K, committed 43648K, reserved 1087488K
  class space    used 5532K, capacity 5924K, committed 6016K, reserved 1048576K
}
Event: 233.550 GC heap before
{Heap before GC invocations=69 (full 4):
 PSYoungGen      total 1563648K, used 1562840K [0x0000000755580000, 0x00000007be100000, 0x00000007c0000000)
  eden space 1550336K, 99% used [0x0000000755580000,0x00000007b3f0b038,0x00000007b3f80000)
  from space 13312K, 97% used [0x00000007bd400000,0x00000007be0ab0d8,0x00000007be100000)
  to   space 27136K, 0% used [0x00000007bac00000,0x00000007bac00000,0x00000007bc680000)
 ParOldGen       total 348160K, used 39074K [0x0000000680000000, 0x0000000695400000, 0x0000000755580000)
  object space 348160K, 11% used [0x0000000680000000,0x0000000682628918,0x0000000695400000)
 Metaspace       used 42123K, capacity 43456K, committed 43648K, reserved 1087488K
  class space    used 5532K, capacity 5924K, committed 6016K, reserved 1048576K
Event: 233.554 GC heap after
Heap after GC invocations=69 (full 4):
 PSYoungGen      total 1496576K, used 10710K [0x0000000755580000, 0x00000007bd480000, 0x00000007c0000000)
  eden space 1485824K, 0% used [0x0000000755580000,0x0000000755580000,0x00000007b0080000)
  from space 10752K, 99% used [0x00000007bac00000,0x00000007bb675a38,0x00000007bb680000)
  to   space 27136K, 0% used [0x00000007bba00000,0x00000007bba00000,0x00000007bd480000)
 ParOldGen       total 348160K, used 39074K [0x0000000680000000, 0x0000000695400000, 0x0000000755580000)
  object space 348160K, 11% used [0x0000000680000000,0x0000000682628918,0x0000000695400000)
 Metaspace       used 42123K, capacity 43456K, committed 43648K, reserved 1087488K
  class space    used 5532K, capacity 5924K, committed 6016K, reserved 1048576K
}
Event: 238.340 GC heap before
{Heap before GC invocations=70 (full 4):
 PSYoungGen      total 1496576K, used 1495643K [0x0000000755580000, 0x00000007bd480000, 0x00000007c0000000)
  eden space 1485824K, 99% used [0x0000000755580000,0x00000007affa15b8,0x00000007b0080000)
  from space 10752K, 99% used [0x00000007bac00000,0x00000007bb675a38,0x00000007bb680000)
  to   space 27136K, 0% used [0x00000007bba00000,0x00000007bba00000,0x00000007bd480000)
 ParOldGen       total 348160K, used 39074K [0x0000000680000000, 0x0000000695400000, 0x0000000755580000)
  object space 348160K, 11% used [0x0000000680000000,0x0000000682628918,0x0000000695400000)
 Metaspace       used 42124K, capacity 43456K, committed 43648K, reserved 1087488K
  class space    used 5532K, capacity 5924K, committed 6016K, reserved 1048576K
Event: 238.342 GC heap after
Heap after GC invocations=70 (full 4):
 PSYoungGen      total 1439232K, used 14497K [0x0000000755580000, 0x00000007bc880000, 0x00000007c0000000)
  eden space 1424384K, 0% used [0x0000000755580000,0x0000000755580000,0x00000007ac480000)
  from space 14848K, 97% used [0x00000007bba00000,0x00000007bc8287a8,0x00000007bc880000)
  to   space 26112K, 0% used [0x00000007b9580000,0x00000007b9580000,0x00000007baf00000)
 ParOldGen       total 348160K, used 39074K [0x0000000680000000, 0x0000000695400000, 0x0000000755580000)
  object space 348160K, 11% used [0x0000000680000000,0x0000000682628918,0x0000000695400000)
 Metaspace       used 42124K, capacity 43456K, committed 43648K, reserved 1087488K
  class space    used 5532K, capacity 5924K, committed 6016K, reserved 1048576K
}

Deoptimization events (10 events):
Event: 205.925 Thread 0x00007fc3c52b3000 Uncommon trap: reason=unstable_if action=reinterpret pc=0x000000011adf2064 method=sun.dc.DuctusRenderingEngine.getAATileGenerator(Ljava/awt/Shape;Ljava/awt/geom/AffineTransform;Lsun/java2d/pipe/Region;Ljava/awt/BasicStroke;ZZ[I)Lsun/java2d/pipe/AATileGene
Event: 205.925 Thread 0x00007fc3c52b3000 Uncommon trap: reason=unstable_if action=reinterpret pc=0x000000011ad30c18 method=java.awt.geom.RectIterator.currentSegment([F)I @ 101
Event: 205.925 Thread 0x00007fc3c52b3000 Uncommon trap: reason=bimorphic action=maybe_recompile pc=0x000000011acab72c method=sun.dc.pr.Rasterizer.appendLine(FF)V @ 24
Event: 205.925 Thread 0x00007fc3c52b3000 Uncommon trap: reason=bimorphic action=maybe_recompile pc=0x000000011acab72c method=sun.dc.pr.Rasterizer.appendLine(FF)V @ 24
Event: 205.925 Thread 0x00007fc3c52b3000 Uncommon trap: reason=bimorphic action=maybe_recompile pc=0x000000011acab72c method=sun.dc.pr.Rasterizer.appendLine(FF)V @ 24
Event: 205.925 Thread 0x00007fc3c52b3000 Uncommon trap: reason=bimorphic action=maybe_recompile pc=0x000000011acab72c method=sun.dc.pr.Rasterizer.appendLine(FF)V @ 24
Event: 205.928 Thread 0x00007fc3c52b3000 Uncommon trap: reason=unstable_if action=reinterpret pc=0x000000011a6f98bc method=sun.java2d.pipe.BufferedMaskFill.MaskFill(Lsun/java2d/SunGraphics2D;Lsun/java2d/SurfaceData;Ljava/awt/Composite;IIII[BII)V @ 87
Event: 208.278 Thread 0x00007fc3c52b3000 Uncommon trap: reason=unstable_if action=reinterpret pc=0x000000011ad613b4 method=java.awt.Container.findComponentAtImpl(IIZ)Ljava/awt/Component; @ 17
Event: 208.278 Thread 0x00007fc3c52b3000 Uncommon trap: reason=unstable_if action=reinterpret pc=0x0000000119b180e8 method=java.awt.Container.findComponentAtImpl(IIZ)Ljava/awt/Component; @ 17
Event: 226.145 Thread 0x00007fc3c52b3000 Uncommon trap: reason=unstable_if action=reinterpret pc=0x0000000119974cb8 method=javax.swing.text.DefaultCaret.guessBiasForOffset(ILjavax/swing/text/Position$Bias;Z)Ljavax/swing/text/Position$Bias; @ 48

Internal exceptions (10 events):
Event: 20.551 Thread 0x00007fc3c585d000 Exception <a 'java/lang/NullPointerException'> (0x0000000756394c88) thrown at [/Users/java_re/workspace/8-2-build-macosx-x86_64/jdk8u111/7883/hotspot/src/share/vm/interpreter/linkResolver.cpp, line 1178]
Event: 75.433 Thread 0x00007fc3c52b3000 Exception <a 'java/lang/ClassNotFoundException': org/openpnp/machine/reference/vision/ReferenceBottomVision$PartSettingsBeanInfo> (0x00000007789748a0) thrown at [/Users/java_re/workspace/8-2-build-macosx-x86_64/jdk8u111/7883/hotspot/src/share/vm/classfile
Event: 75.433 Thread 0x00007fc3c52b3000 Exception <a 'java/lang/ClassNotFoundException': org/openpnp/machine/reference/vision/ReferenceBottomVision$PartSettingsCustomizer> (0x00000007789908c0) thrown at [/Users/java_re/workspace/8-2-build-macosx-x86_64/jdk8u111/7883/hotspot/src/share/vm/classfi
Event: 76.915 Thread 0x00007fc3c52b3000 Implicit null exception at 0x000000011acf7d8c to 0x000000011acf7e89
Event: 76.938 Thread 0x00007fc3c52b3000 Implicit null exception at 0x000000011ab13d7d to 0x000000011ab17569
Event: 79.167 Thread 0x00007fc3c52b3000 Exception <a 'java/lang/ClassNotFoundException': org/openpnp/vision/pipeline/stages/MaskCircleBeanInfo> (0x0000000768156670) thrown at [/Users/java_re/workspace/8-2-build-macosx-x86_64/jdk8u111/7883/hotspot/src/share/vm/classfile/systemDictionary.cpp, lin
Event: 79.168 Thread 0x00007fc3c52b3000 Exception <a 'java/lang/ClassNotFoundException': org/openpnp/vision/pipeline/stages/MaskCircleCustomizer> (0x000000076816bca8) thrown at [/Users/java_re/workspace/8-2-build-macosx-x86_64/jdk8u111/7883/hotspot/src/share/vm/classfile/systemDictionary.cpp, l
Event: 86.228 Thread 0x00007fc3c52b3000 Exception <a 'java/lang/ClassNotFoundException': org/openpnp/vision/pipeline/stages/ThresholdBeanInfo> (0x00000007558784e0) thrown at [/Users/java_re/workspace/8-2-build-macosx-x86_64/jdk8u111/7883/hotspot/src/share/vm/classfile/systemDictionary.cpp, line
Event: 86.229 Thread 0x00007fc3c52b3000 Exception <a 'java/lang/ClassNotFoundException': org/openpnp/vision/pipeline/stages/ThresholdCustomizer> (0x000000075588d5b0) thrown at [/Users/java_re/workspace/8-2-build-macosx-x86_64/jdk8u111/7883/hotspot/src/share/vm/classfile/systemDictionary.cpp, li
Event: 125.088 Thread 0x00007fc3c52b3000 Implicit null exception at 0x000000011adeaee8 to 0x000000011adeb7b5

Events (10 events):
Event: 226.145 Thread 0x00007fc3c52b3000 DEOPT PACKING pc=0x0000000119974cb8 sp=0x0000700006fb32c0
Event: 226.145 Thread 0x00007fc3c52b3000 DEOPT UNPACKING pc=0x00000001197dd229 sp=0x0000700006fb31e0 mode 2
Event: 228.557 Executing VM operation: ParallelGCFailedAllocation
Event: 228.562 Executing VM operation: ParallelGCFailedAllocation done
Event: 233.550 Executing VM operation: ParallelGCFailedAllocation
Event: 233.554 Executing VM operation: ParallelGCFailedAllocation done
Event: 234.066 Thread 0x00007fc3c90ea800 DEOPT PACKING pc=0x000000011a7410b8 sp=0x000070000764a480
Event: 234.066 Thread 0x00007fc3c90ea800 DEOPT UNPACKING pc=0x000000011981f633 sp=0x000070000764a1c8 mode 0
Event: 238.340 Executing VM operation: ParallelGCFailedAllocation
Event: 238.342 Executing VM operation: ParallelGCFailedAllocation done


Dynamic libraries:
0x00000000482e0000 	/System/Library/Frameworks/Cocoa.framework/Versions/A/Cocoa
0x00000000482e0000 	/System/Library/Frameworks/Security.framework/Versions/A/Security
0x00000000482e0000 	/System/Library/Frameworks/ApplicationServices.framework/Versions/A/ApplicationServices
0x00000000482e0000 	/usr/lib/libz.1.dylib
0x00000000482e0000 	/usr/lib/libSystem.B.dylib
0x00000000482e0000 	/usr/lib/libobjc.A.dylib
0x00000000482e0000 	/System/Library/Frameworks/CoreFoundation.framework/Versions/A/CoreFoundation
0x00000000482e0000 	/System/Library/Frameworks/Foundation.framework/Versions/C/Foundation
0x00000000482e0000 	/System/Library/Frameworks/AppKit.framework/Versions/C/AppKit
0x00000000482e0000 	/System/Library/Frameworks/CoreData.framework/Versions/A/CoreData
0x00000000482e0000 	/System/Library/PrivateFrameworks/RemoteViewServices.framework/Versions/A/RemoteViewServices
0x00000000482e0000 	/System/Library/PrivateFrameworks/UIFoundation.framework/Versions/A/UIFoundation
0x00000000482e0000 	/System/Library/PrivateFrameworks/DFRFoundation.framework/Versions/A/DFRFoundation
0x00000000482e0000 	/usr/lib/libenergytrace.dylib
0x00000000482e0000 	/System/Library/PrivateFrameworks/SkyLight.framework/Versions/A/SkyLight
0x00000000482e0000 	/System/Library/Frameworks/CoreGraphics.framework/Versions/A/CoreGraphics
0x00000000482e0000 	/usr/lib/libScreenReader.dylib
0x00000000482e0000 	/System/Library/Frameworks/Accelerate.framework/Versions/A/Accelerate
0x00000000482e0000 	/System/Library/Frameworks/IOSurface.framework/Versions/A/IOSurface
0x00000000482e0000 	/System/Library/Frameworks/AudioToolbox.framework/Versions/A/AudioToolbox
0x00000000482e0000 	/System/Library/Frameworks/AudioUnit.framework/Versions/A/AudioUnit
0x00000000482e0000 	/System/Library/PrivateFrameworks/DataDetectorsCore.framework/Versions/A/DataDetectorsCore
0x00000000482e0000 	/System/Library/PrivateFrameworks/DesktopServicesPriv.framework/Versions/A/DesktopServicesPriv
0x00000000482e0000 	/System/Library/Frameworks/Carbon.framework/Versions/A/Frameworks/HIToolbox.framework/Versions/A/HIToolbox
0x00000000482e0000 	/usr/lib/libicucore.A.dylib
0x00000000482e0000 	/System/Library/Frameworks/QuartzCore.framework/Versions/A/QuartzCore
0x00000000482e0000 	/System/Library/Frameworks/Carbon.framework/Versions/A/Frameworks/SpeechRecognition.framework/Versions/A/SpeechRecognition
0x00000000482e0000 	/usr/lib/libauto.dylib
0x00000000482e0000 	/usr/lib/libxml2.2.dylib
0x00000000482e0000 	/System/Library/PrivateFrameworks/CoreUI.framework/Versions/A/CoreUI
0x00000000482e0000 	/System/Library/Frameworks/CoreAudio.framework/Versions/A/CoreAudio
0x00000000482e0000 	/System/Library/Frameworks/DiskArbitration.framework/Versions/A/DiskArbitration
0x00000000482e0000 	/usr/lib/liblangid.dylib
0x00000000482e0000 	/System/Library/PrivateFrameworks/MultitouchSupport.framework/Versions/A/MultitouchSupport
0x00000000482e0000 	/System/Library/Frameworks/IOKit.framework/Versions/A/IOKit
0x00000000482e0000 	/usr/lib/libDiagnosticMessagesClient.dylib
0x00000000482e0000 	/System/Library/Frameworks/CoreServices.framework/Versions/A/CoreServices
0x00000000482e0000 	/System/Library/PrivateFrameworks/PerformanceAnalysis.framework/Versions/A/PerformanceAnalysis
0x00000000482e0000 	/System/Library/PrivateFrameworks/GenerationalStorage.framework/Versions/A/GenerationalStorage
0x00000000482e0000 	/System/Library/Frameworks/OpenGL.framework/Versions/A/OpenGL
0x00000000482e0000 	/System/Library/Frameworks/CoreImage.framework/Versions/A/CoreImage
0x00000000482e0000 	/System/Library/Frameworks/CoreText.framework/Versions/A/CoreText
0x00000000482e0000 	/System/Library/Frameworks/ImageIO.framework/Versions/A/ImageIO
0x00000000482e0000 	/System/Library/PrivateFrameworks/Backup.framework/Versions/A/Backup
0x00000000482e0000 	/usr/lib/libarchive.2.dylib
0x00000000482e0000 	/System/Library/Frameworks/CFNetwork.framework/Versions/A/CFNetwork
0x00000000482e0000 	/System/Library/Frameworks/SystemConfiguration.framework/Versions/A/SystemConfiguration
0x00000000482e0000 	/usr/lib/libCRFSuite.dylib
0x00000000482e0000 	/usr/lib/libc++.1.dylib
0x00000000482e0000 	/usr/lib/libc++abi.dylib
0x00000000482e0000 	/usr/lib/system/libcache.dylib
0x00000000482e0000 	/usr/lib/system/libcommonCrypto.dylib
0x00000000482e0000 	/usr/lib/system/libcompiler_rt.dylib
0x00000000482e0000 	/usr/lib/system/libcopyfile.dylib
0x00000000482e0000 	/usr/lib/system/libcorecrypto.dylib
0x00000000482e0000 	/usr/lib/system/libdispatch.dylib
0x00000000482e0000 	/usr/lib/system/libdyld.dylib
0x00000000482e0000 	/usr/lib/system/libkeymgr.dylib
0x00000000482e0000 	/usr/lib/system/liblaunch.dylib
0x00000000482e0000 	/usr/lib/system/libmacho.dylib
0x00000000482e0000 	/usr/lib/system/libquarantine.dylib
0x00000000482e0000 	/usr/lib/system/libremovefile.dylib
0x00000000482e0000 	/usr/lib/system/libsystem_asl.dylib
0x00000000482e0000 	/usr/lib/system/libsystem_blocks.dylib
0x00000000482e0000 	/usr/lib/system/libsystem_c.dylib
0x00000000482e0000 	/usr/lib/system/libsystem_configuration.dylib
0x00000000482e0000 	/usr/lib/system/libsystem_coreservices.dylib
0x00000000482e0000 	/usr/lib/system/libsystem_coretls.dylib
0x00000000482e0000 	/usr/lib/system/libsystem_dnssd.dylib
0x00000000482e0000 	/usr/lib/system/libsystem_info.dylib
0x00000000482e0000 	/usr/lib/system/libsystem_kernel.dylib
0x00000000482e0000 	/usr/lib/system/libsystem_m.dylib
0x00000000482e0000 	/usr/lib/system/libsystem_malloc.dylib
0x00000000482e0000 	/usr/lib/system/libsystem_network.dylib
0x00000000482e0000 	/usr/lib/system/libsystem_networkextension.dylib
0x00000000482e0000 	/usr/lib/system/libsystem_notify.dylib
0x00000000482e0000 	/usr/lib/system/libsystem_platform.dylib
0x00000000482e0000 	/usr/lib/system/libsystem_pthread.dylib
0x00000000482e0000 	/usr/lib/system/libsystem_sandbox.dylib
0x00000000482e0000 	/usr/lib/system/libsystem_secinit.dylib
0x00000000482e0000 	/usr/lib/system/libsystem_symptoms.dylib
0x00000000482e0000 	/usr/lib/system/libsystem_trace.dylib
0x00000000482e0000 	/usr/lib/system/libunwind.dylib
0x00000000482e0000 	/usr/lib/system/libxpc.dylib
0x00000000482e0000 	/usr/lib/libbsm.0.dylib
0x00000000482e0000 	/usr/lib/system/libkxld.dylib
0x00000000482e0000 	/usr/lib/libcoretls.dylib
0x00000000482e0000 	/usr/lib/libcoretls_cfhelpers.dylib
0x00000000482e0000 	/usr/lib/libOpenScriptingUtil.dylib
0x00000000482e0000 	/usr/lib/libpam.2.dylib
0x00000000482e0000 	/usr/lib/libsqlite3.dylib
0x00000000482e0000 	/usr/lib/libxar.1.dylib
0x00000000482e0000 	/usr/lib/libbz2.1.0.dylib
0x00000000482e0000 	/usr/lib/liblzma.5.dylib
0x00000000482e0000 	/usr/lib/libnetwork.dylib
0x00000000482e0000 	/usr/lib/libpcap.A.dylib
0x00000000482e0000 	/System/Library/Frameworks/CoreServices.framework/Versions/A/Frameworks/FSEvents.framework/Versions/A/FSEvents
0x00000000482e0000 	/System/Library/Frameworks/CoreServices.framework/Versions/A/Frameworks/CarbonCore.framework/Versions/A/CarbonCore
0x00000000482e0000 	/System/Library/Frameworks/CoreServices.framework/Versions/A/Frameworks/Metadata.framework/Versions/A/Metadata
0x00000000482e0000 	/System/Library/Frameworks/CoreServices.framework/Versions/A/Frameworks/OSServices.framework/Versions/A/OSServices
0x00000000482e0000 	/System/Library/Frameworks/CoreServices.framework/Versions/A/Frameworks/SearchKit.framework/Versions/A/SearchKit
0x00000000482e0000 	/System/Library/Frameworks/CoreServices.framework/Versions/A/Frameworks/AE.framework/Versions/A/AE
0x00000000482e0000 	/System/Library/Frameworks/CoreServices.framework/Versions/A/Frameworks/LaunchServices.framework/Versions/A/LaunchServices
0x00000000482e0000 	/System/Library/Frameworks/CoreServices.framework/Versions/A/Frameworks/DictionaryServices.framework/Versions/A/DictionaryServices
0x00000000482e0000 	/System/Library/Frameworks/CoreServices.framework/Versions/A/Frameworks/SharedFileList.framework/Versions/A/SharedFileList
0x00000000482e0000 	/System/Library/Frameworks/NetFS.framework/Versions/A/NetFS
0x00000000482e0000 	/System/Library/PrivateFrameworks/NetAuth.framework/Versions/A/NetAuth
0x00000000482e0000 	/System/Library/PrivateFrameworks/login.framework/Versions/A/Frameworks/loginsupport.framework/Versions/A/loginsupport
0x00000000482e0000 	/System/Library/PrivateFrameworks/TCC.framework/Versions/A/TCC
0x00000000482e0000 	/usr/lib/libmecabra.dylib
0x00000000482e0000 	/System/Library/Frameworks/ApplicationServices.framework/Versions/A/Frameworks/ATS.framework/Versions/A/ATS
0x00000000482e0000 	/System/Library/Frameworks/ApplicationServices.framework/Versions/A/Frameworks/ColorSync.framework/Versions/A/ColorSync
0x00000000482e0000 	/System/Library/Frameworks/ApplicationServices.framework/Versions/A/Frameworks/HIServices.framework/Versions/A/HIServices
0x00000000482e0000 	/System/Library/Frameworks/ApplicationServices.framework/Versions/A/Frameworks/LangAnalysis.framework/Versions/A/LangAnalysis
0x00000000482e0000 	/System/Library/Frameworks/ApplicationServices.framework/Versions/A/Frameworks/PrintCore.framework/Versions/A/PrintCore
0x00000000482e0000 	/System/Library/Frameworks/ApplicationServices.framework/Versions/A/Frameworks/QD.framework/Versions/A/QD
0x00000000482e0000 	/System/Library/Frameworks/ApplicationServices.framework/Versions/A/Frameworks/SpeechSynthesis.framework/Versions/A/SpeechSynthesis
0x00000000482e0000 	/System/Library/Frameworks/Accelerate.framework/Versions/A/Frameworks/vImage.framework/Versions/A/vImage
0x00000000482e0000 	/System/Library/Frameworks/Accelerate.framework/Versions/A/Frameworks/vecLib.framework/Versions/A/vecLib
0x00000000482e0000 	/System/Library/Frameworks/Accelerate.framework/Versions/A/Frameworks/vecLib.framework/Versions/A/libvDSP.dylib
0x00000000482e0000 	/System/Library/Frameworks/Accelerate.framework/Versions/A/Frameworks/vecLib.framework/Versions/A/libBNNS.dylib
0x00000000482e0000 	/System/Library/Frameworks/Accelerate.framework/Versions/A/Frameworks/vecLib.framework/Versions/A/libQuadrature.dylib
0x00000000482e0000 	/System/Library/Frameworks/Accelerate.framework/Versions/A/Frameworks/vecLib.framework/Versions/A/libvMisc.dylib
0x00000000482e0000 	/System/Library/Frameworks/Accelerate.framework/Versions/A/Frameworks/vecLib.framework/Versions/A/libLAPACK.dylib
0x00000000482e0000 	/System/Library/Frameworks/Accelerate.framework/Versions/A/Frameworks/vecLib.framework/Versions/A/libBLAS.dylib
0x00000000482e0000 	/System/Library/Frameworks/Accelerate.framework/Versions/A/Frameworks/vecLib.framework/Versions/A/libLinearAlgebra.dylib
0x00000000482e0000 	/System/Library/Frameworks/Accelerate.framework/Versions/A/Frameworks/vecLib.framework/Versions/A/libSparseBLAS.dylib
0x00000000482e0000 	/System/Library/Frameworks/ApplicationServices.framework/Versions/A/Frameworks/ATS.framework/Versions/A/Resources/libFontParser.dylib
0x00000000482e0000 	/System/Library/Frameworks/ApplicationServices.framework/Versions/A/Frameworks/ATS.framework/Versions/A/Resources/libFontRegistry.dylib
0x00000000482e0000 	/System/Library/Frameworks/ImageIO.framework/Versions/A/Resources/libJPEG.dylib
0x00000000482e0000 	/System/Library/Frameworks/ImageIO.framework/Versions/A/Resources/libTIFF.dylib
0x00000000482e0000 	/System/Library/Frameworks/ImageIO.framework/Versions/A/Resources/libPng.dylib
0x00000000482e0000 	/System/Library/Frameworks/ImageIO.framework/Versions/A/Resources/libGIF.dylib
0x00000000482e0000 	/System/Library/Frameworks/ImageIO.framework/Versions/A/Resources/libJP2.dylib
0x00000000482e0000 	/System/Library/Frameworks/ImageIO.framework/Versions/A/Resources/libRadiance.dylib
0x00000000482e0000 	/usr/lib/libcompression.dylib
0x00000000482e0000 	/System/Library/PrivateFrameworks/AppleJPEG.framework/Versions/A/AppleJPEG
0x00000000482e0000 	/usr/lib/libcups.2.dylib
0x00000000482e0000 	/System/Library/Frameworks/Kerberos.framework/Versions/A/Kerberos
0x00000000482e0000 	/System/Library/Frameworks/GSS.framework/Versions/A/GSS
0x00000000482e0000 	/usr/lib/libresolv.9.dylib
0x00000000482e0000 	/usr/lib/libiconv.2.dylib
0x00000000482e0000 	/System/Library/PrivateFrameworks/Heimdal.framework/Versions/A/Heimdal
0x00000000482e0000 	/usr/lib/libheimdal-asn1.dylib
0x00000000482e0000 	/System/Library/Frameworks/OpenDirectory.framework/Versions/A/OpenDirectory
0x00000000482e0000 	/System/Library/PrivateFrameworks/CommonAuth.framework/Versions/A/CommonAuth
0x00000000482e0000 	/System/Library/Frameworks/OpenDirectory.framework/Versions/A/Frameworks/CFOpenDirectory.framework/Versions/A/CFOpenDirectory
0x00000000482e0000 	/System/Library/Frameworks/SecurityFoundation.framework/Versions/A/SecurityFoundation
0x00000000482e0000 	/System/Library/PrivateFrameworks/LanguageModeling.framework/Versions/A/LanguageModeling
0x00000000482e0000 	/usr/lib/libmarisa.dylib
0x00000000482e0000 	/usr/lib/libChineseTokenizer.dylib
0x00000000482e0000 	/usr/lib/libcmph.dylib
0x00000000482e0000 	/System/Library/PrivateFrameworks/CoreEmoji.framework/Versions/A/CoreEmoji
0x00000000482e0000 	/System/Library/Frameworks/ServiceManagement.framework/Versions/A/ServiceManagement
0x00000000482e0000 	/usr/lib/libxslt.1.dylib
0x00000000482e0000 	/System/Library/Frameworks/Carbon.framework/Versions/A/Frameworks/Ink.framework/Versions/A/Ink
0x00000000482e0000 	/System/Library/PrivateFrameworks/TextureIO.framework/Versions/A/TextureIO
0x00000000482e0000 	/System/Library/Frameworks/Metal.framework/Versions/A/Metal
0x00000000482e0000 	/usr/lib/libate.dylib
0x00000000482e0000 	/System/Library/PrivateFrameworks/GPUCompiler.framework/libmetal_timestamp.dylib
0x00000000482e0000 	/System/Library/Frameworks/OpenGL.framework/Versions/A/Libraries/libCoreFSCache.dylib
0x00000000482e0000 	/System/Library/PrivateFrameworks/IOAccelerator.framework/Versions/A/IOAccelerator
0x00000000482e0000 	/System/Library/Frameworks/CoreVideo.framework/Versions/A/CoreVideo
0x00000000482e0000 	/usr/lib/libFosl_dynamic.dylib
0x00000000482e0000 	/System/Library/PrivateFrameworks/MetalPerformanceShaders.framework/Versions/A/MetalPerformanceShaders
0x00000000482e0000 	/System/Library/PrivateFrameworks/FaceCore.framework/Versions/A/FaceCore
0x00000000482e0000 	/System/Library/Frameworks/OpenCL.framework/Versions/A/OpenCL
0x00000000482e0000 	/System/Library/Frameworks/OpenGL.framework/Versions/A/Libraries/libGLU.dylib
0x00000000482e0000 	/System/Library/Frameworks/OpenGL.framework/Versions/A/Libraries/libGFXShared.dylib
0x00000000482e0000 	/System/Library/Frameworks/OpenGL.framework/Versions/A/Libraries/libGL.dylib
0x00000000482e0000 	/System/Library/Frameworks/OpenGL.framework/Versions/A/Libraries/libGLImage.dylib
0x00000000482e0000 	/System/Library/Frameworks/OpenGL.framework/Versions/A/Libraries/libCVMSPluginSupport.dylib
0x00000000482e0000 	/System/Library/Frameworks/OpenGL.framework/Versions/A/Libraries/libCoreVMClient.dylib
0x00000000482e0000 	/System/Library/PrivateFrameworks/CrashReporterSupport.framework/Versions/A/CrashReporterSupport
0x00000000482e0000 	/System/Library/PrivateFrameworks/Sharing.framework/Versions/A/Sharing
0x00000000482e0000 	/System/Library/PrivateFrameworks/IconServices.framework/Versions/A/IconServices
0x00000000482e0000 	/System/Library/PrivateFrameworks/ProtocolBuffer.framework/Versions/A/ProtocolBuffer
0x00000000482e0000 	/System/Library/PrivateFrameworks/Apple80211.framework/Versions/A/Apple80211
0x00000000482e0000 	/System/Library/Frameworks/CoreWLAN.framework/Versions/A/CoreWLAN
0x00000000482e0000 	/System/Library/PrivateFrameworks/CoreUtils.framework/Versions/A/CoreUtils
0x00000000482e0000 	/System/Library/Frameworks/IOBluetooth.framework/Versions/A/IOBluetooth
0x00000000482e0000 	/System/Library/PrivateFrameworks/CoreWiFi.framework/Versions/A/CoreWiFi
0x00000000482e0000 	/System/Library/Frameworks/CoreBluetooth.framework/Versions/A/CoreBluetooth
0x00000000482e0000 	/System/Library/Frameworks/CoreDisplay.framework/Versions/A/CoreDisplay
0x00000000482e0000 	/System/Library/PrivateFrameworks/IOPresentment.framework/Versions/A/IOPresentment
0x00000000482e0000 	/System/Library/PrivateFrameworks/DSExternalDisplay.framework/Versions/A/DSExternalDisplay
0x00000000482e0000 	/System/Library/PrivateFrameworks/DebugSymbols.framework/Versions/A/DebugSymbols
0x00000000482e0000 	/System/Library/PrivateFrameworks/CoreSymbolication.framework/Versions/A/CoreSymbolication
0x00000000482e0000 	/System/Library/PrivateFrameworks/Symbolication.framework/Versions/A/Symbolication
0x00000000482e0000 	/System/Library/PrivateFrameworks/AppleFSCompression.framework/Versions/A/AppleFSCompression
0x00000000482e0000 	/System/Library/PrivateFrameworks/SpeechRecognitionCore.framework/Versions/A/SpeechRecognitionCore
0x00000000482e0000 	/System/Library/PrivateFrameworks/ChunkingLibrary.framework/Versions/A/ChunkingLibrary
0x0000000054214000 	/System/Library/CoreServices/Encodings/libCyrillicConverter.dylib
0x000000010ee00000 	/Library/Java/JavaVirtualMachines/jdk1.8.0_111.jdk/Contents/Home/jre/lib/server/libjvm.dylib
0x00000000482e0000 	/usr/lib/libstdc++.6.dylib
0x000000010e54a000 	/Library/Java/JavaVirtualMachines/jdk1.8.0_111.jdk/Contents/Home/jre/lib/libverify.dylib
0x000000010e558000 	/Library/Java/JavaVirtualMachines/jdk1.8.0_111.jdk/Contents/Home/jre/lib/libjava.dylib
0x000000010e597000 	/Library/Java/JavaVirtualMachines/jdk1.8.0_111.jdk/Contents/Home/jre/lib/libzip.dylib
0x00000001136f8000 	/System/Library/Frameworks/JavaVM.framework/Frameworks/JavaRuntimeSupport.framework/JavaRuntimeSupport
0x000000010e5e9000 	/System/Library/Frameworks/JavaVM.framework/Versions/A/Frameworks/JavaNativeFoundation.framework/Versions/A/JavaNativeFoundation
0x0000000113712000 	/System/Library/Frameworks/JavaVM.framework/Versions/A/JavaVM
0x00000000482e0000 	/System/Library/Frameworks/Carbon.framework/Versions/A/Carbon
0x000000011371f000 	/System/Library/PrivateFrameworks/JavaLaunching.framework/Versions/A/JavaLaunching
0x00000000482e0000 	/System/Library/Frameworks/Carbon.framework/Versions/A/Frameworks/CommonPanels.framework/Versions/A/CommonPanels
0x00000000482e0000 	/System/Library/Frameworks/Carbon.framework/Versions/A/Frameworks/Help.framework/Versions/A/Help
0x00000000482e0000 	/System/Library/Frameworks/Carbon.framework/Versions/A/Frameworks/ImageCapture.framework/Versions/A/ImageCapture
0x00000000482e0000 	/System/Library/Frameworks/Carbon.framework/Versions/A/Frameworks/OpenScripting.framework/Versions/A/OpenScripting
0x00000000482e0000 	/System/Library/Frameworks/Carbon.framework/Versions/A/Frameworks/Print.framework/Versions/A/Print
0x00000000482e0000 	/System/Library/Frameworks/Carbon.framework/Versions/A/Frameworks/SecurityHI.framework/Versions/A/SecurityHI
0x00000001156d3000 	/Library/Java/JavaVirtualMachines/jdk1.8.0_111.jdk/Contents/Home/jre/lib/libawt.dylib
0x000000011577b000 	/Library/Java/JavaVirtualMachines/jdk1.8.0_111.jdk/Contents/Home/jre/lib/./libmlib_image.dylib
0x0000000115847000 	/Library/Java/JavaVirtualMachines/jdk1.8.0_111.jdk/Contents/Home/jre/lib/libawt_lwawt.dylib
0x00000001158fc000 	/Library/Java/JavaVirtualMachines/jdk1.8.0_111.jdk/Contents/Home/jre/lib/./libosxapp.dylib
0x00000000482e0000 	/System/Library/Frameworks/ExceptionHandling.framework/Versions/A/ExceptionHandling
0x00000000482e0000 	/System/Library/PrivateFrameworks/CoreServicesInternal.framework/Versions/A/CoreServicesInternal
0x00000000482e0000 	/System/Library/CoreServices/RawCamera.bundle/Contents/MacOS/RawCamera
0x00000000482e0000 	/System/Library/Frameworks/Accelerate.framework/Versions/A/Frameworks/vImage.framework/Versions/A/Libraries/libCGInterfaces.dylib
0x00000000482e0000 	/System/Library/Frameworks/ApplicationServices.framework/Versions/A/Frameworks/ATS.framework/Versions/A/Resources/libTrueTypeScaler.dylib
0x00000000482e0000 	/System/Library/Frameworks/OpenGL.framework/Versions/A/Resources/GLEngine.bundle/GLEngine
0x00000000482e0000 	/System/Library/Frameworks/OpenGL.framework/Versions/A/Libraries/libGLProgrammability.dylib
0x00000000482e0000 	/System/Library/Extensions/GeForceGLDriver.bundle/Contents/MacOS/GeForceGLDriver
0x00000000482e0000 	/System/Library/Extensions/GeForceGLDriver.bundle/Contents/MacOS/libclh.dylib
0x00000000482e0000 	/System/Library/PrivateFrameworks/GPUSupport.framework/Versions/A/Libraries/libGPUSupportMercury.dylib
0x00000000482e0000 	/System/Library/Frameworks/OpenGL.framework/Versions/A/Resources/GLRendererFloat.bundle/GLRendererFloat
0x00000000482e0000 	/System/Library/Frameworks/OpenCL.framework/Versions/A/Libraries/libcldcpuengine.dylib
0x00000000482e0000 	/usr/lib/libcrypto.0.9.8.dylib
0x00000000482e0000 	/System/Library/PrivateFrameworks/TrustEvaluationAgent.framework/Versions/A/TrustEvaluationAgent
0x00000000482e0000 	/System/Library/Extensions/GeForceMTLDriver.bundle/Contents/MacOS/GeForceMTLDriver
0x00000000482e0000 	/System/Library/PrivateFrameworks/FamilyControls.framework/Versions/A/FamilyControls
0x00000000482e0000 	/System/Library/PrivateFrameworks/CommerceKit.framework/Versions/A/Frameworks/CommerceCore.framework/Versions/A/CommerceCore
0x00000000482e0000 	/System/Library/PrivateFrameworks/SystemAdministration.framework/Versions/A/SystemAdministration
0x00000000482e0000 	/System/Library/PrivateFrameworks/AppContainer.framework/Versions/A/AppContainer
0x00000000482e0000 	/System/Library/PrivateFrameworks/SecCodeWrapper.framework/Versions/A/SecCodeWrapper
0x00000000482e0000 	/System/Library/Frameworks/DirectoryService.framework/Versions/A/DirectoryService
0x00000000482e0000 	/System/Library/PrivateFrameworks/DiskImages.framework/Versions/A/DiskImages
0x00000000482e0000 	/System/Library/PrivateFrameworks/LoginUIKit.framework/Versions/A/Frameworks/LoginUICore.framework/Versions/A/LoginUICore
0x00000000482e0000 	/usr/lib/libCoreStorage.dylib
0x00000000482e0000 	/usr/lib/libcsfde.dylib
0x00000000482e0000 	/usr/lib/libodfde.dylib
0x00000000482e0000 	/System/Library/Frameworks/DiscRecording.framework/Versions/A/DiscRecording
0x00000000482e0000 	/usr/lib/libcurl.4.dylib
0x00000000482e0000 	/System/Library/PrivateFrameworks/MediaKit.framework/Versions/A/MediaKit
0x00000000482e0000 	/System/Library/PrivateFrameworks/ProtectedCloudStorage.framework/Versions/A/ProtectedCloudStorage
0x00000000482e0000 	/System/Library/PrivateFrameworks/EFILogin.framework/Versions/A/EFILogin
0x00000000482e0000 	/usr/lib/libutil.dylib
0x00000000482e0000 	/System/Library/Frameworks/LDAP.framework/Versions/A/LDAP
0x00000000482e0000 	/usr/lib/libsasl2.2.dylib
0x00000000482e0000 	/System/Library/PrivateFrameworks/CoreDaemon.framework/Versions/B/CoreDaemon
0x00000000482e0000 	/System/Library/PrivateFrameworks/AppleSRP.framework/Versions/A/AppleSRP
0x00000000482e0000 	/System/Library/PrivateFrameworks/APFS.framework/Versions/A/APFS
0x0000000118a28000 	/Library/Java/JavaVirtualMachines/jdk1.8.0_111.jdk/Contents/Home/jre/lib/libfontmanager.dylib
0x0000000116375000 	/Library/Java/JavaVirtualMachines/jdk1.8.0_111.jdk/Contents/Home/jre/lib/libosxui.dylib
0x00000001195ad000 	/Library/Java/JavaVirtualMachines/jdk1.8.0_111.jdk/Contents/Home/jre/lib/libosx.dylib
0x00000000482e0000 	/System/Library/PrivateFrameworks/ViewBridge.framework/Versions/A/ViewBridge
0x00000000482e0000 	/System/Library/PrivateFrameworks/XPCService.framework/Versions/A/XPCService
0x00000000482e0000 	/System/Library/PrivateFrameworks/AppSandbox.framework/Versions/A/AppSandbox
0x00000000482e0000 	/usr/lib/libsandbox.1.dylib
0x00000000482e0000 	/usr/lib/libMatch.1.dylib
0x00000001387e8000 	/Library/Java/JavaVirtualMachines/jdk1.8.0_111.jdk/Contents/Home/jre/lib/libdcpr.dylib
0x0000000116233000 	/Library/Java/JavaVirtualMachines/jdk1.8.0_111.jdk/Contents/Home/jre/lib/libnet.dylib
0x00000001155df000 	/Library/Java/JavaVirtualMachines/jdk1.8.0_111.jdk/Contents/Home/jre/lib/libnio.dylib
0x000000017905b000 	/private/var/folders/fd/95k4nkcx163cc5pghrb7b5_m0000gn/T/8422538066711913704/nu/pattern/opencv/osx/x86_64/libopencv_java2411.dylib
0x00000000482e0000 	/System/Library/Frameworks/QTKit.framework/Versions/A/QTKit
0x00000000482e0000 	/System/Library/Frameworks/AVFoundation.framework/Versions/A/AVFoundation
0x00000000482e0000 	/System/Library/Frameworks/CoreMedia.framework/Versions/A/CoreMedia
0x00000000482e0000 	/System/Library/Frameworks/MediaToolbox.framework/Versions/A/MediaToolbox
0x00000000482e0000 	/System/Library/Frameworks/VideoToolbox.framework/Versions/A/VideoToolbox
0x00000000482e0000 	/System/Library/PrivateFrameworks/CoreMediaAuthoring.framework/Versions/A/CoreMediaAuthoring
0x00000000482e0000 	/System/Library/Frameworks/CoreMediaIO.framework/Versions/A/CoreMediaIO
0x00000000482e0000 	/System/Library/Frameworks/AVFoundation.framework/Versions/A/Frameworks/AVFAudio.framework/Versions/A/AVFAudio
0x00000000482e0000 	/System/Library/PrivateFrameworks/IntlPreferences.framework/Versions/A/IntlPreferences
0x00000000482e0000 	/usr/lib/libspindump.dylib
0x00000000482e0000 	/usr/lib/libdscsym.dylib
0x00000000482e0000 	/System/Library/PrivateFrameworks/CoreAVCHD.framework/Versions/A/CoreAVCHD
0x00000000482e0000 	/System/Library/Frameworks/MediaAccessibility.framework/Versions/A/MediaAccessibility
0x00000000482e0000 	/System/Library/PrivateFrameworks/Mangrove.framework/Versions/A/Mangrove
0x00000000482e0000 	/System/Library/PrivateFrameworks/CoreAUC.framework/Versions/A/CoreAUC
0x00000000482e0000 	/System/Library/PrivateFrameworks/AppleVA.framework/Versions/A/AppleVA
0x0000000138b1f000 	/private/var/folders/fd/95k4nkcx163cc5pghrb7b5_m0000gn/T/jna-63406465/jna9122961160246194678.tmp
0x00000001390da000 	/var/folders/fd/95k4nkcx163cc5pghrb7b5_m0000gn/T/jna-63406465/jna25012202813746147.tmp
0x00000001390fe000 	/var/folders/fd/95k4nkcx163cc5pghrb7b5_m0000gn/T/jna-63406465/jna2266512945231652723.tmp
0x0000000138ceb000 	/System/Library/Extensions/AppleHDA.kext/Contents/PlugIns/AppleHDAHALPlugIn.bundle/Contents/MacOS/AppleHDAHALPlugIn
0x0000000178f4d000 	/System/Library/Frameworks/CoreMediaIO.framework/Resources/VDC.plugin/Contents/MacOS/VDC
0x0000000181920000 	/System/Library/Frameworks/CoreMediaIO.framework/Resources/CMIOUnits.bundle/Contents/MacOS/CMIOUnits
0x0000000138f1d000 	/System/Library/PrivateFrameworks/FWAVC.framework/Versions/A/FWAVC
0x00000001380a6000 	/System/Library/Extensions/IOUSBFamily.kext/Contents/PlugIns/IOUSBLib.bundle/Contents/MacOS/IOUSBLib
0x00000000482e0000 	/System/Library/PrivateFrameworks/AppleGVA.framework/Versions/A/AppleGVA
0x000000013726e000 	/Users/AneoX/.jssc/mac_os_x/libjSSC-2.8_x86_64.jnilib
0x00000000482e0000 	/System/Library/PrivateFrameworks/Shortcut.framework/Versions/A/Shortcut
0x00000000482e0000 	/System/Library/PrivateFrameworks/HelpData.framework/Versions/A/HelpData

VM Arguments:
jvm_args: -Dfile.encoding=UTF-8 
java_command: org.openpnp.Main
java_class_path (initial): /Library/Java/JavaVirtualMachines/jdk1.8.0_111.jdk/Contents/Home/jre/lib/resources.jar:/Library/Java/JavaVirtualMachines/jdk1.8.0_111.jdk/Contents/Home/jre/lib/rt.jar:/Library/Java/JavaVirtualMachines/jdk1.8.0_111.jdk/Contents/Home/jre/lib/jsse.jar:/Library/Java/JavaVirtualMachines/jdk1.8.0_111.jdk/Contents/Home/jre/lib/jce.jar:/Library/Java/JavaVirtualMachines/jdk1.8.0_111.jdk/Contents/Home/jre/lib/charsets.jar:/Library/Java/JavaVirtualMachines/jdk1.8.0_111.jdk/Contents/Home/jre/lib/jfr.jar:/Library/Java/JavaVirtualMachines/jdk1.8.0_111.jdk/Contents/Home/jre/lib/ext/cldrdata.jar:/Library/Java/JavaVirtualMachines/jdk1.8.0_111.jdk/Contents/Home/jre/lib/ext/dnsns.jar:/Library/Java/JavaVirtualMachines/jdk1.8.0_111.jdk/Contents/Home/jre/lib/ext/jaccess.jar:/Library/Java/JavaVirtualMachines/jdk1.8.0_111.jdk/Contents/Home/jre/lib/ext/jfxrt.jar:/Library/Java/JavaVirtualMachines/jdk1.8.0_111.jdk/Contents/Home/jre/lib/ext/localedata.jar:/Library/Java/JavaVirtualMachines/jdk1.8.0_111.jdk/Contents/Home/jre/lib/ext/nashorn.jar:/Library/Java/JavaVirtualMachines/jdk1.8.0_111.jdk/Contents/Home/jre/lib/ext/sunec.jar:/Library/Java/JavaVirtualMachines/jdk1.8.0_111.jdk/Contents/Home/jre/lib/ext/sunjce_provider.jar:/Library/Java/JavaVirtualMachines/jdk1.8.0_111.jdk/Contents/Home/jre/lib/ext/sunpkcs11.jar:/Library/Java/JavaVirtualMachines/jdk1.8.0_111.jdk/Contents/Home/jre/lib/ext/zipfs.jar:/System/Library/Java/Extensions/MRJToolkit.jar:/Users/AneoX/git/openpnp/target/classes:/Users/AneoX/.m2/repository/com/github/sarxos/webcam-capture/0.3.10/webcam-capture-0.3.10.jar:/Users/AneoX/.m2/repository/com/nativelibs4java/bridj/0.6.2/bridj-0.6.2.jar:/Users/AneoX/.m2/repository/org/slf4j/slf4j-api/1.7.2/slf4j-api-1.7.2.jar:/Users/AneoX/.m2/repository/org/ostermiller/utils/1.07.00/utils-1.07.00.jar:/Users/AneoX/.m2/repository/commons-codec/commons-codec/1.6/commons-codec-1.6.jar:/Users/AneoX/.m2/repository/org/slf4j/slf4j-log4j12/1.7.21/slf4j-log4j12-1.7.21.jar:/User
Launcher Type: SUN_STANDARD

Environment Variables:
PATH=/usr/bin:/bin:/usr/sbin:/sbin
SHELL=/usr/local/bin/fish
DISPLAY=/private/tmp/com.apple.launchd.1WxsQ4cBeJ/org.macosforge.xquartz:0

Signal Handlers:
SIGSEGV: [libjvm.dylib+0x5b03ed], sa_mask[0]=11111111011111110111111111111111, sa_flags=SA_ONSTACK|SA_RESTART|SA_SIGINFO
SIGBUS: [libjvm.dylib+0x5b03ed], sa_mask[0]=11111111011111110111111111111111, sa_flags=SA_RESTART|SA_SIGINFO
SIGFPE: [libjvm.dylib+0x48711c], sa_mask[0]=11111111011111110111111111111111, sa_flags=SA_RESTART|SA_SIGINFO
SIGPIPE: [libjvm.dylib+0x48711c], sa_mask[0]=11111111011111110111111111111111, sa_flags=SA_RESTART|SA_SIGINFO
SIGXFSZ: [libjvm.dylib+0x48711c], sa_mask[0]=11111111011111110111111111111111, sa_flags=SA_RESTART|SA_SIGINFO
SIGILL: [libjvm.dylib+0x48711c], sa_mask[0]=11111111011111110111111111111111, sa_flags=SA_RESTART|SA_SIGINFO
SIGUSR1: SIG_DFL, sa_mask[0]=00000000000000000000000000000000, sa_flags=none
SIGUSR2: [libjvm.dylib+0x486c3a], sa_mask[0]=00100000000000000000000000000000, sa_flags=SA_RESTART|SA_SIGINFO
SIGHUP: [libjvm.dylib+0x485211], sa_mask[0]=11111111011111110111111111111111, sa_flags=SA_RESTART|SA_SIGINFO
SIGINT: [libjvm.dylib+0x485211], sa_mask[0]=11111111011111110111111111111111, sa_flags=SA_RESTART|SA_SIGINFO
SIGTERM: [libjvm.dylib+0x485211], sa_mask[0]=11111111011111110111111111111111, sa_flags=SA_RESTART|SA_SIGINFO
SIGQUIT: [libjvm.dylib+0x485211], sa_mask[0]=11111111011111110111111111111111, sa_flags=SA_RESTART|SA_SIGINFO


---------------  S Y S T E M  ---------------

OS:Bsduname:Darwin 16.7.0 Darwin Kernel Version 16.7.0: Wed Oct  4 00:17:00 PDT 2017; root:xnu-3789.71.6~1/RELEASE_X86_64 x86_64
rlimit: STACK 8192k, CORE 0k, NPROC 709, NOFILE 10240, AS infinity
load average:3.45 3.22 3.20

CPU:total 4 (4 cores per cpu, 1 threads per core) family 6 model 58 stepping 9, cmov, cx8, fxsr, mmx, sse, sse2, sse3, ssse3, sse4.1, sse4.2, popcnt, avx, aes, clmul, erms, tsc, tscinvbit, tscinv

Memory: 4k page, physical 20971520k(822204k free)

/proc/meminfo:


vm_info: Java HotSpot(TM) 64-Bit Server VM (25.111-b14) for bsd-amd64 JRE (1.8.0_111-b14), built on Sep 22 2016 15:31:41 by "java_re" with gcc 4.2.1 (Based on Apple Inc. build 5658) (LLVM build 2336.11.00)

time: Fri Mar 30 21:10:12 2018
elapsed time: 239 seconds (0d 0h 3m 59s)

